[colorlib.com/etc/cs/comingsoon_12/index.html]
[backblue.gif]
[fade.gif]
[index.html]
[colorlib.com/etc/cs/comingsoon_12/images/icons/favicon.ico]
[colorlib.com/etc/cs/comingsoon_12/vendor/bootstrap/css/bootstrap.min.css]
[colorlib.com/etc/cs/comingsoon_12/fonts/font-awesome-4.7.0/css/font-awesome.min.css]
[colorlib.com/etc/cs/comingsoon_12/fonts/iconic/css/material-design-iconic-font.min.css]
[colorlib.com/etc/cs/comingsoon_12/vendor/animate/animate.css]
[colorlib.com/etc/cs/comingsoon_12/vendor/select2/select2.min.css]
[colorlib.com/etc/cs/comingsoon_12/css/util.css]
[colorlib.com/etc/cs/comingsoon_12/css/main.css]
[colorlib.com/etc/cs/comingsoon_12/images/icons/logo.png]
[colorlib.com/etc/cs/comingsoon_12/images/bg01.jpg]
[colorlib.com/etc/cs/comingsoon_12/images/bg02.jpg]
[colorlib.com/etc/cs/comingsoon_12/images/bg03.jpg]
[colorlib.com/etc/cs/comingsoon_12/vendor/jquery/jquery-3.2.1.min.js]
[colorlib.com/etc/cs/comingsoon_12/vendor/bootstrap/js/popper.js]
[colorlib.com/etc/cs/comingsoon_12/vendor/bootstrap/js/bootstrap.min.js]
[colorlib.com/etc/cs/comingsoon_12/vendor/select2/select2.min.js]
[colorlib.com/etc/cs/comingsoon_12/vendor/tilt/tilt.jquery.min.js]
[colorlib.com/etc/cs/comingsoon_12/index.html]
[colorlib.com/etc/cs/comingsoon_12/vendor/bootstrap/css/bootstrap.min.css]
[colorlib.com/etc/cs/comingsoon_12/js/main.js]
[colorlib.com/etc/cs/comingsoon_12/fonts/font-awesome-4.7.0/fonts/fontawesome-webfont3e6e.eot]
[colorlib.com/etc/cs/comingsoon_12/fonts/font-awesome-4.7.0/fonts/fontawesome-webfontd41d.eot]
[colorlib.com/etc/cs/comingsoon_12/fonts/font-awesome-4.7.0/fonts/fontawesome-webfont3e6e.woff2]
[colorlib.com/etc/cs/comingsoon_12/fonts/font-awesome-4.7.0/fonts/fontawesome-webfont3e6e.woff]
[colorlib.com/etc/cs/comingsoon_12/fonts/font-awesome-4.7.0/fonts/fontawesome-webfont3e6e.ttf]
[colorlib.com/etc/cs/comingsoon_12/fonts/font-awesome-4.7.0/css/font-awesome.min.css]
[colorlib.com/etc/cs/comingsoon_12/fonts/font-awesome-4.7.0/fonts/fontawesome-webfont3e6e.svg]
[colorlib.com/etc/cs/comingsoon_12/fonts/iconic/fonts/Material-Design-Iconic-Fontd1f1.woff2]
[colorlib.com/etc/cs/comingsoon_12/fonts/iconic/fonts/Material-Design-Iconic-Fontd1f1.woff]
[colorlib.com/etc/cs/comingsoon_12/fonts/iconic/css/material-design-iconic-font.min.css]
[colorlib.com/etc/cs/comingsoon_12/vendor/animate/animate.css]
[colorlib.com/etc/cs/comingsoon_12/vendor/select2/select2.min.css]
[colorlib.com/etc/cs/comingsoon_12/css/util.css]
[colorlib.com/etc/cs/comingsoon_12/fonts/iconic/fonts/Material-Design-Iconic-Fontd1f1.ttf]
[colorlib.com/etc/cs/comingsoon_12/fonts/PlayfairDisplay/PlayfairDisplay-BlackItalic.ttf]
[colorlib.com/etc/cs/comingsoon_12/fonts/Poppins/Poppins-Regular.ttf]
[colorlib.com/etc/cs/comingsoon_12/css/main.css]
[colorlib.com/etc/cs/comingsoon_12/fonts/font-awesome-4.7.0/fonts/fontawesome-webfont3e6e.svg]
[colorlib.com/etc/cs/comingsoon_12/fonts/Poppins/Poppins-Medium.ttf]
